0 info it worked if it ends with ok
1 verbose cli [ 'C:\\Program Files\\nodejs\\node.exe',
1 verbose cli   'C:\\Program Files\\nodejs\\node_modules\\npm\\bin\\npm-cli.js',
1 verbose cli   'start' ]
2 info using npm@3.10.10
3 info using node@v6.10.0
4 verbose run-script [ 'prestart', 'start', 'poststart' ]
5 info lifecycle mojLawSplit@0.3.1~prestart: mojLawSplit@0.3.1
6 silly lifecycle mojLawSplit@0.3.1~prestart: no script for prestart, continuing
7 info lifecycle mojLawSplit@0.3.1~start: mojLawSplit@0.3.1
8 verbose lifecycle mojLawSplit@0.3.1~start: unsafe-perm in lifecycle true
9 verbose lifecycle mojLawSplit@0.3.1~start: PATH: C:\Program Files\nodejs\node_modules\npm\bin\node-gyp-bin;D:\kong0107\Codes\mojLawSplit\node_modules\.bin;D:\kong0107\AppData\MacTray 20131231 Candy Win8.1use\MacType\;C:\tools\ruby23\bin;C:\Program Files (x86)\Intel\iCLS Client\;C:\Program Files\Intel\iCLS Client\;C:\ProgramData\Oracle\Java\javapath;C:\Windows\system32;C:\Windows;C:\Windows\System32\Wbem;C:\Windows\System32\WindowsPowerShell\v1.0\;C:\Program Files (x86)\Intel\Intel(R) Management Engine Components\DAL;C:\Program Files\Intel\Intel(R) Management Engine Components\DAL;C:\Program Files (x86)\Intel\Intel(R) Management Engine Components\IPT;C:\Program Files\Intel\Intel(R) Management Engine Components\IPT;C:\Program Files (x86)\Skype\Phone\;C:\Program Files (x86)\Windows Live\Shared;C:\ProgramData\chocolatey\bin;C:\Program Files\nodejs\;C:\Program Files\Git\cmd;D:\kong0107\AppData\Roaming\npm;D:\kong0107\AppData\MacTray 20131231 Candy Win8.1use\MacType
10 verbose lifecycle mojLawSplit@0.3.1~start: CWD: D:\kong0107\Codes\mojLawSplit
11 silly lifecycle mojLawSplit@0.3.1~start: Args: [ '/d /s /c', 'bash start.sh' ]
12 silly lifecycle mojLawSplit@0.3.1~start: Returned: code: 1  signal: null
13 info lifecycle mojLawSplit@0.3.1~start: Failed to exec start script
14 verbose stack Error: mojLawSplit@0.3.1 start: `bash start.sh`
14 verbose stack Exit status 1
14 verbose stack     at EventEmitter.<anonymous> (C:\Program Files\nodejs\node_modules\npm\lib\utils\lifecycle.js:255:16)
14 verbose stack     at emitTwo (events.js:106:13)
14 verbose stack     at EventEmitter.emit (events.js:191:7)
14 verbose stack     at ChildProcess.<anonymous> (C:\Program Files\nodejs\node_modules\npm\lib\utils\spawn.js:40:14)
14 verbose stack     at emitTwo (events.js:106:13)
14 verbose stack     at ChildProcess.emit (events.js:191:7)
14 verbose stack     at maybeClose (internal/child_process.js:877:16)
14 verbose stack     at Process.ChildProcess._handle.onexit (internal/child_process.js:226:5)
15 verbose pkgid mojLawSplit@0.3.1
16 verbose cwd D:\kong0107\Codes\mojLawSplit
17 error Windows_NT 6.3.9600
18 error argv "C:\\Program Files\\nodejs\\node.exe" "C:\\Program Files\\nodejs\\node_modules\\npm\\bin\\npm-cli.js" "start"
19 error node v6.10.0
20 error npm  v3.10.10
21 error code ELIFECYCLE
22 error mojLawSplit@0.3.1 start: `bash start.sh`
22 error Exit status 1
23 error Failed at the mojLawSplit@0.3.1 start script 'bash start.sh'.
23 error Make sure you have the latest version of node.js and npm installed.
23 error If you do, this is most likely a problem with the mojLawSplit package,
23 error not with npm itself.
23 error Tell the author that this fails on your system:
23 error     bash start.sh
23 error You can get information on how to open an issue for this project with:
23 error     npm bugs mojLawSplit
23 error Or if that isn't available, you can get their info via:
23 error     npm owner ls mojLawSplit
23 error There is likely additional logging output above.
24 verbose exit [ 1, true ]
